<testsuites name="Mocha Tests">
  <testsuite name="test suite description" tests="9" errors="0" failures="0" skipped="0" timestamp="2022-04-21T10:45:03" time="0.013">
    <testcase classname="test suite description" name="test case description" time="0.002">
    </testcase>
    <testcase classname="test suite description" name="test case description" time="0">
    </testcase>
    <testcase classname="test suite description" name="test case description" time="0">
    </testcase>
    <testcase classname="test suite description" name="test case description" time="0">
    </testcase>
    <testcase classname="test suite description" name="test case description" time="0">
    </testcase>
    <testcase classname="test suite description" name="test case description" time="0">
    </testcase>
    <testcase classname="test suite description" name="test case description" time="0">
    </testcase>
    <testcase classname="test suite description" name="test case description" time="0">
    </testcase>
    <testcase classname="test suite description" name="test case description" time="0">
    </testcase>
  </testsuite>
</testsuites>